2013-11-26 15:30:58 INFO  Main:28 - pass login fuction
2013-11-27 11:56:08 INFO  Main:28 - pass login fuction
2013-11-27 11:58:33 INFO  Main:28 - pass login fuction
2013-11-27 11:59:25 INFO  Main:28 - pass login fuction
2013-11-27 12:10:07 INFO  Main:28 - pass login fuction
2013-11-27 12:10:44 INFO  Main:28 - pass login fuction
2013-11-27 12:14:16 INFO  Main:28 - pass login fuction
2013-11-27 12:14:22 INFO  Main:28 - pass login fuction
2013-11-27 12:14:58 INFO  Main:28 - pass login fuction
2013-11-27 12:15:33 INFO  Main:28 - pass login fuction
2013-11-27 12:16:29 INFO  DefaultHttpClient:693 - I/O exception (java.net.SocketException) caught when processing request: Software caused connection abort: recv failed
2013-11-27 12:16:29 INFO  DefaultHttpClient:700 - Retrying request
2013-11-27 12:16:29 INFO  Main:28 - pass login fuction
2013-11-27 13:44:22 INFO  DefaultHttpClient:693 - I/O exception (java.net.SocketException) caught when processing request: Software caused connection abort: recv failed
2013-11-27 13:44:22 INFO  DefaultHttpClient:700 - Retrying request
2013-11-27 13:44:23 INFO  Main:28 - pass login fuction
2013-11-27 13:48:39 INFO  DefaultHttpClient:693 - I/O exception (java.net.SocketException) caught when processing request: Software caused connection abort: recv failed
2013-11-27 13:48:39 INFO  DefaultHttpClient:700 - Retrying request
2013-11-27 13:48:40 INFO  Main:28 - pass login fuction
2013-11-27 13:48:58 INFO  Main:183 - timeout exception
2013-11-27 13:49:49 INFO  DefaultHttpClient:693 - I/O exception (java.net.SocketException) caught when processing request: Software caused connection abort: recv failed
2013-11-27 13:49:49 INFO  DefaultHttpClient:700 - Retrying request
2013-11-27 13:49:49 INFO  Main:28 - pass login fuction
2013-11-27 13:50:18 INFO  Main:42 - Report for selected range is showed
2013-11-27 13:51:32 INFO  DefaultHttpClient:693 - I/O exception (java.net.SocketException) caught when processing request: Software caused connection abort: recv failed
2013-11-27 13:51:32 INFO  DefaultHttpClient:700 - Retrying request
2013-11-27 13:51:32 INFO  Main:28 - pass login fuction
2013-11-27 13:51:57 INFO  Main:42 - Report for selected range is showed
2013-12-02 13:20:33 INFO  DefaultHttpClient:693 - I/O exception (java.net.SocketException) caught when processing request: Software caused connection abort: recv failed
2013-12-02 13:20:33 INFO  DefaultHttpClient:700 - Retrying request
2013-12-02 13:20:33 INFO  Main:28 - pass login fuction
2013-12-02 13:24:34 INFO  DefaultHttpClient:693 - I/O exception (java.net.SocketException) caught when processing request: Software caused connection abort: recv failed
2013-12-02 13:24:34 INFO  DefaultHttpClient:700 - Retrying request
2013-12-02 13:24:34 INFO  Main:28 - pass login fuction
2013-12-02 14:03:34 INFO  DefaultHttpClient:693 - I/O exception (java.net.SocketException) caught when processing request: Software caused connection abort: recv failed
2013-12-02 14:03:34 INFO  DefaultHttpClient:700 - Retrying request
2013-12-02 14:03:34 INFO  Main:28 - pass login fuction
2013-12-02 15:11:37 INFO  DefaultHttpClient:693 - I/O exception (java.net.SocketException) caught when processing request: Software caused connection abort: recv failed
2013-12-02 15:11:37 INFO  DefaultHttpClient:700 - Retrying request
2013-12-02 15:11:38 INFO  Main:28 - pass login fuction
2013-12-02 15:11:43 INFO  Main:99 - TimeRange Element  is Present
2013-12-02 15:11:43 INFO  Main:99 - StartTime Element  is Present
2013-12-02 15:11:43 INFO  Main:99 - EndTime Element  is Present
2013-12-02 15:11:43 INFO  Main:99 - TimeZone Element  is Present
2013-12-02 15:11:43 INFO  Main:99 - Application Element  is Present
2013-12-02 15:11:43 INFO  Main:99 - DNIS Element  is Present
2013-12-02 15:11:44 INFO  Main:99 - Language Element  is Present
2013-12-02 15:15:07 INFO  DefaultHttpClient:693 - I/O exception (java.net.SocketException) caught when processing request: Software caused connection abort: recv failed
2013-12-02 15:15:07 INFO  DefaultHttpClient:700 - Retrying request
2013-12-02 15:15:07 INFO  Main:28 - pass login fuction
2013-12-02 15:15:13 INFO  Main:99 - TimeRange Element  is Present
2013-12-02 15:15:13 INFO  Main:99 - StartTime Element  is Present
2013-12-02 15:15:13 INFO  Main:99 - EndTime Element  is Present
2013-12-02 15:15:13 INFO  Main:99 - TimeZone Element  is Present
2013-12-02 15:15:13 INFO  Main:99 - Application Element  is Present
2013-12-02 15:15:13 INFO  Main:99 - DNIS Element  is Present
2013-12-02 15:15:13 INFO  Main:99 - Language Element  is Present
